<?xml version="1.0" encoding="UTF-8"?>
<!-- Generated by org.testng.reporters.JUnitReportReporter -->
<testsuite hostname="Chaitanya" failures="0" tests="1" name="Annotation.Geolocation" time="7.976" errors="0" timestamp="2024-11-13T23:20:29 IST" skipped="0">
  <testcase classname="Annotation.Geolocation" name="Testgeolocation" time="7.976"/>
  <system-out/>
</testsuite> <!-- Annotation.Geolocation -->
