<?xml version="1.0" encoding="UTF-8"?>
<!-- Generated by org.testng.reporters.JUnitReportReporter -->
<testsuite hostname="Chaitanya" failures="0" tests="2" name="Annotation.ParallelTesting2" time="8.552" errors="0" timestamp="2024-11-12T23:04:49 IST" skipped="0">
  <testcase classname="Annotation.ParallelTesting2" name="Test3Bootstrape" time="2.252"/>
  <system-out/>
  <testcase classname="Annotation.ParallelTesting2" name="Test4Draganddrop" time="6.300"/>
  <system-out/>
</testsuite> <!-- Annotation.ParallelTesting2 -->
