<?xml version="1.0" encoding="UTF-8"?>
<!-- Generated by org.testng.reporters.JUnitReportReporter -->
<testsuite hostname="Chaitanya" failures="0" tests="2" name="Annotation.ParallelTesting" time="21.414" errors="0" timestamp="2024-11-12T22:28:45 IST" skipped="0">
  <testcase classname="Annotation.ParallelTesting" name="Test2dataListFilter" time="10.920"/>
  <system-out/>
  <testcase classname="Annotation.ParallelTesting" name="Test_1datePicker" time="10.494"/>
  <system-out/>
</testsuite> <!-- Annotation.ParallelTesting -->
