<?xml version="1.0" encoding="UTF-8"?>
<!-- Generated by org.testng.reporters.JUnitReportReporter -->
<testsuite hostname="Chaitanya" failures="0" tests="1" name="Annotation.configannotations2" time="0.002" errors="0" timestamp="2024-11-07T19:02:33 IST" skipped="0">
  <testcase classname="Annotation.configannotations2" name="Test4" time="0.002"/>
  <system-out/>
</testsuite> <!-- Annotation.configannotations2 -->
