<?xml version="1.0" encoding="UTF-8"?>
<!-- Generated by org.testng.reporters.JUnitReportReporter -->
<testsuite hostname="Chaitanya" failures="0" tests="1" name="Annotation.configannotations1" time="0.005" errors="0" timestamp="2024-11-07T19:02:33 IST" skipped="0">
  <testcase classname="Annotation.configannotations1" name="Test2" time="0.005"/>
  <system-out/>
</testsuite> <!-- Annotation.configannotations1 -->
