<?xml version="1.0" encoding="UTF-8"?>
<!-- Generated by org.testng.reporters.JUnitReportReporter -->
<testsuite hostname="Chaitanya" failures="0" tests="1" name="Annotation.DynamicWaits" time="3.672" errors="0" timestamp="2024-11-08T10:45:45 IST" skipped="0">
  <testcase classname="Annotation.DynamicWaits" name="TestExplicitWait" time="3.672"/>
  <system-out/>
</testsuite> <!-- Annotation.DynamicWaits -->
