<?xml version="1.0" encoding="UTF-8"?>
<!-- Generated by org.testng.reporters.JUnitReportReporter -->
<testsuite hostname="Chaitanya" failures="0" tests="2" name="Annotation.ParallelTesting1" time="10.840" errors="0" timestamp="2024-11-12T23:04:49 IST" skipped="0">
  <testcase classname="Annotation.ParallelTesting1" name="Test2dataListFilter" time="7.927"/>
  <system-out/>
  <testcase classname="Annotation.ParallelTesting1" name="Test_1datePicker" time="2.913"/>
  <system-out/>
</testsuite> <!-- Annotation.ParallelTesting1 -->
