<?xml version="1.0" encoding="UTF-8"?>
<!-- Generated by org.testng.reporters.JUnitReportReporter -->
<testsuite hostname="Chaitanya" failures="0" tests="1" name="Annotation.seleniumcloudjiolocation" time="13.171" errors="0" timestamp="2024-11-13T23:47:17 IST" skipped="0">
  <testcase classname="Annotation.seleniumcloudjiolocation" name="loc" time="13.171"/>
  <system-out/>
</testsuite> <!-- Annotation.seleniumcloudjiolocation -->
