<?xml version="1.0" encoding="UTF-8"?>
<!-- Generated by org.testng.reporters.JUnitReportReporter -->
<testsuite hostname="Chaitanya" failures="0" tests="3" name="Annotation.Autmation_Paramaterized" time="20.138" errors="0" timestamp="2024-11-07T19:23:21 IST" skipped="0">
  <testcase classname="Annotation.Autmation_Paramaterized" name="filedownload" time="9.232"/>
  <system-out/>
  <testcase classname="Annotation.Autmation_Paramaterized" name="filedownload" time="5.467"/>
  <system-out/>
  <testcase classname="Annotation.Autmation_Paramaterized" name="filedownload" time="5.439"/>
  <system-out/>
</testsuite> <!-- Annotation.Autmation_Paramaterized -->
