<?xml version="1.0" encoding="UTF-8"?>
<!-- Generated by org.testng.reporters.JUnitReportReporter -->
<testsuite hostname="Chaitanya" failures="0" tests="2" name="Annotation.AssertionsTest" time="11.867" errors="0" timestamp="2024-11-20T09:33:47 IST" skipped="0">
  <testcase classname="Annotation.AssertionsTest" name="testRadioButtons" time="2.931"/>
  <system-out/>
  <testcase classname="Annotation.AssertionsTest" name="testSingleCheckbox" time="8.936"/>
  <system-out/>
</testsuite> <!-- Annotation.AssertionsTest -->
