<?xml version="1.0" encoding="UTF-8"?>
<!-- Generated by org.testng.reporters.JUnitReportReporter -->
<testsuite hostname="Chaitanya" failures="0" tests="2" name="Annotation.AssertionsTest" time="10.747" errors="0" timestamp="2024-11-24T21:02:00 IST" skipped="0">
  <testcase classname="Annotation.AssertionsTest" name="testSingleCheckbox" time="5.632"/>
  <system-out/>
  <testcase classname="Annotation.AssertionsTest" name="testRadioButtons" time="5.115"/>
  <system-out/>
</testsuite> <!-- Annotation.AssertionsTest -->
